[    0.000000] Linux version 4.15.0-161-generic (buildd@lcy01-amd64-012) (gcc version 7.5.0 (Ubuntu 7.5.0-3ubuntu1~18.04)) #169-Ubuntu SMP Fri Oct 15 13:41:54 UTC 2021 (Ubuntu 4.15.0-161.169-generic 4.15.18)
[    0.000000] Command line: BOOT_IMAGE=/boot/vmlinuz-4.15.0-161-generic root=LABEL=cloudimg-rootfs ro console=tty1 console=ttyS0
[    0.000000] KERNEL supported cpus:
[    0.000000]   Intel GenuineIntel
[    0.000000]   AMD AuthenticAMD
[    0.000000]   Centaur CentaurHauls
[    0.000000] x86/fpu: Supporting XSAVE feature 0x001: 'x87 floating point registers'
[    0.000000] x86/fpu: Supporting XSAVE feature 0x002: 'SSE registers'
[    0.000000] x86/fpu: Supporting XSAVE feature 0x004: 'AVX registers'
[    0.000000] x86/fpu: xstate_offset[2]:  576, xstate_sizes[2]:  256
[    0.000000] x86/fpu: Enabled xstate features 0x7, context size is 832 bytes, using 'standard' format.
[    0.000000] e820: BIOS-provided physical RAM map:
[    0.000000] BIOS-e820: [mem 0x0000000000000000-0x000000000009fbff] usable
[    0.000000] BIOS-e820: [mem 0x000000000009fc00-0x000000000009ffff] reserved
[    0.000000] BIOS-e820: [mem 0x00000000000f0000-0x00000000000fffff] reserved
[    0.000000] BIOS-e820: [mem 0x0000000000100000-0x000000003ffeffff] usable
[    0.000000] BIOS-e820: [mem 0x000000003fff0000-0x000000003fffffff] ACPI data
[    0.000000] BIOS-e820: [mem 0x00000000fec00000-0x00000000fec00fff] reserved
[    0.000000] BIOS-e820: [mem 0x00000000fee00000-0x00000000fee00fff] reserved
[    0.000000] BIOS-e820: [mem 0x00000000fffc0000-0x00000000ffffffff] reserved
[    0.000000] NX (Execute Disable) protection: active
[    0.000000] SMBIOS 2.5 present.
[    0.000000] DMI: innotek GmbH VirtualBox/VirtualBox, BIOS VirtualBox 12/01/2006
[    0.000000] Hypervisor detected: KVM
[    0.000000] e820: last_pfn = 0x3fff0 max_arch_pfn = 0x400000000
[    0.000000] MTRR: Disabled
[    0.000000] x86/PAT: MTRRs disabled, skipping PAT initialization too.
[    0.000000] CPU MTRRs all blank - virtualized system.
[    0.000000] x86/PAT: Configuration [0-7]: WB  WT  UC- UC  WB  WT  UC- UC  
[    0.000000] found SMP MP-table at [mem 0x0009fff0-0x0009ffff]
[    0.000000] Scanning 1 areas for low memory corruption
[    0.000000] RAMDISK: [mem 0x359c9000-0x36cdbfff]
[    0.000000] ACPI: Early table checksum verification disabled
[    0.000000] ACPI: RSDP 0x00000000000E0000 000024 (v02 VBOX  )
[    0.000000] ACPI: XSDT 0x000000003FFF0030 00003C (v01 VBOX   VBOXXSDT 00000001 ASL  00000061)
[    0.000000] ACPI: FACP 0x000000003FFF00F0 0000F4 (v04 VBOX   VBOXFACP 00000001 ASL  00000061)
[    0.000000] ACPI: DSDT 0x000000003FFF0470 002325 (v02 VBOX   VBOXBIOS 00000002 INTL 20100528)
[    0.000000] ACPI: FACS 0x000000003FFF0200 000040
[    0.000000] ACPI: FACS 0x000000003FFF0200 000040
[    0.000000] ACPI: APIC 0x000000003FFF0240 00005C (v02 VBOX   VBOXAPIC 00000001 ASL  00000061)
[    0.000000] ACPI: SSDT 0x000000003FFF02A0 0001CC (v01 VBOX   VBOXCPUT 00000002 INTL 20100528)
[    0.000000] ACPI: Reserving FACP table memory at [mem 0x3fff00f0-0x3fff01e3]
[    0.000000] ACPI: Reserving DSDT table memory at [mem 0x3fff0470-0x3fff2794]
[    0.000000] ACPI: Reserving FACS table memory at [mem 0x3fff0200-0x3fff023f]
[    0.000000] ACPI: Reserving FACS table memory at [mem 0x3fff0200-0x3fff023f]
[    0.000000] ACPI: Reserving APIC table memory at [mem 0x3fff0240-0x3fff029b]
[    0.000000] ACPI: Reserving SSDT table memory at [mem 0x3fff02a0-0x3fff046b]
[    0.000000] No NUMA configuration found
[    0.000000] Faking a node at [mem 0x0000000000000000-0x000000003ffeffff]
[    0.000000] NODE_DATA(0) allocated [mem 0x3ffc5000-0x3ffeffff]
[    0.000000] kvm-clock: cpu 0, msr 0:3ff44001, primary cpu clock
[    0.000000] kvm-clock: Using msrs 4b564d01 and 4b564d00
[    0.000000] kvm-clock: using sched offset of 9073605105 cycles
[    0.000000] clocksource: kvm-clock: mask: 0xffffffffffffffff max_cycles: 0x1cd42e4dffb, max_idle_ns: 881590591483 ns
[    0.000000] Zone ranges:
[    0.000000]   DMA      [mem 0x0000000000001000-0x0000000000ffffff]
[    0.000000]   DMA32    [mem 0x0000000001000000-0x000000003ffeffff]
[    0.000000]   Normal   empty
[    0.000000]   Device   empty
[    0.000000] Movable zone start for each node
[    0.000000] Early memory node ranges
[    0.000000]   node   0: [mem 0x0000000000001000-0x000000000009efff]
[    0.000000]   node   0: [mem 0x0000000000100000-0x000000003ffeffff]
[    0.000000] Reserved but unavailable: 104 pages
[    0.000000] Initmem setup node 0 [mem 0x0000000000001000-0x000000003ffeffff]
[    0.000000] ACPI: PM-Timer IO Port: 0x4008
[    0.000000] IOAPIC[0]: apic_id 2, version 32, address 0xfec00000, GSI 0-23
[    0.000000] ACPI: INT_SRC_OVR (bus 0 bus_irq 0 global_irq 2 dfl dfl)
[    0.000000] ACPI: INT_SRC_OVR (bus 0 bus_irq 9 global_irq 9 low level)
[    0.000000] Using ACPI (MADT) for SMP configuration information
[    0.000000] smpboot: Allowing 2 CPUs, 0 hotplug CPUs
[    0.000000] PM: Registered nosave memory: [mem 0x00000000-0x00000fff]
[    0.000000] PM: Registered nosave memory: [mem 0x0009f000-0x0009ffff]
[    0.000000] PM: Registered nosave memory: [mem 0x000a0000-0x000effff]
[    0.000000] PM: Registered nosave memory: [mem 0x000f0000-0x000fffff]
[    0.000000] e820: [mem 0x40000000-0xfebfffff] available for PCI devices
[    0.000000] Booting paravirtualized kernel on KVM
[    0.000000] clocksource: refined-jiffies: mask: 0xffffffff max_cycles: 0xffffffff, max_idle_ns: 7645519600211568 ns
[    0.000000] random: get_random_bytes called from start_kernel+0x99/0x500 with crng_init=0
[    0.000000] setup_percpu: NR_CPUS:8192 nr_cpumask_bits:2 nr_cpu_ids:2 nr_node_ids:1
[    0.000000] percpu: Embedded 45 pages/cpu s147456 r8192 d28672 u1048576
[    0.000000] PV qspinlock hash table entries: 256 (order: 0, 4096 bytes)
[    0.000000] Built 1 zonelists, mobility grouping on.  Total pages: 257913
[    0.000000] Policy zone: DMA32
[    0.000000] Kernel command line: BOOT_IMAGE=/boot/vmlinuz-4.15.0-161-generic root=LABEL=cloudimg-rootfs ro console=tty1 console=ttyS0
[    0.000000] Memory: 982704K/1048120K available (12300K kernel code, 2483K rwdata, 4320K rodata, 2448K init, 2724K bss, 65416K reserved, 0K cma-reserved)
[    0.000000] SLUB: HWalign=64, Order=0-3, MinObjects=0, CPUs=2, Nodes=1
[    0.000000] Kernel/User page tables isolation: enabled
[    0.000000] ftrace: allocating 39475 entries in 155 pages
[    0.004000] Hierarchical RCU implementation.
[    0.004000] 	RCU restricting CPUs from NR_CPUS=8192 to nr_cpu_ids=2.
[    0.004000] 	Tasks RCU enabled.
[    0.004000] RCU: Adjusting geometry for rcu_fanout_leaf=16, nr_cpu_ids=2
[    0.004000] NR_IRQS: 524544, nr_irqs: 440, preallocated irqs: 16
[    0.004000] Console: colour VGA+ 80x25
[    0.004000] console [tty1] enabled
[    0.004000] console [ttyS0] enabled
[    0.004000] ACPI: Core revision 20170831
[    0.004000] ACPI: 2 ACPI AML tables successfully acquired and loaded
[    0.004000] APIC: Switch to symmetric I/O mode setup
[    0.004000] x2apic enabled
[    0.004000] Switched APIC routing to physical x2apic.
[    0.005921] ..TIMER: vector=0x30 apic1=0 pin1=2 apic2=-1 pin2=-1
[    0.008004] tsc: Detected 2400.002 MHz processor
[    0.009381] Calibrating delay loop (skipped) preset value.. 4800.00 BogoMIPS (lpj=9600008)
[    0.010658] pid_max: default: 32768 minimum: 301
[    0.012055] Security Framework initialized
[    0.013575] Yama: becoming mindful.
[    0.016036] AppArmor: AppArmor initialized
[    0.020036] Dentry cache hash table entries: 131072 (order: 8, 1048576 bytes)
[    0.022269] Inode-cache hash table entries: 65536 (order: 7, 524288 bytes)
[    0.024026] Mount-cache hash table entries: 2048 (order: 2, 16384 bytes)
[    0.028016] Mountpoint-cache hash table entries: 2048 (order: 2, 16384 bytes)
[    0.030603] Last level iTLB entries: 4KB 64, 2MB 8, 4MB 8
[    0.032004] Last level dTLB entries: 4KB 64, 2MB 0, 4MB 0, 1GB 4
[    0.033930] Spectre V1 : Mitigation: usercopy/swapgs barriers and __user pointer sanitization
[    0.036004] Spectre V2 : Mitigation: Full generic retpoline
[    0.037898] Spectre V2 : Spectre v2 / SpectreRSB mitigation: Filling RSB on context switch
[    0.040006] Speculative Store Bypass: Vulnerable
[    0.041766] SRBDS: Unknown: Dependent on hypervisor status
[    0.044007] MDS: Mitigation: Clear CPU buffers
[    0.048251] Freeing SMP alternatives memory: 36K
[    0.160781] smpboot: CPU0: Intel(R) Core(TM) i5-6200U CPU @ 2.30GHz (family: 0x6, model: 0x4e, stepping: 0x3)
[    0.164000] Performance Events: unsupported p6 CPU model 78 no PMU driver, software events only.
[    0.164052] Hierarchical SRCU implementation.
[    0.165941] NMI watchdog: Perf event create on CPU 0 failed with -2
[    0.168005] NMI watchdog: Perf NMI watchdog permanently disabled
[    0.170160] smp: Bringing up secondary CPUs ...
[    0.172131] x86: Booting SMP configuration:
[    0.174711] .... node  #0, CPUs:      #1
[    0.004000] kvm-clock: cpu 1, msr 0:3ff44041, secondary cpu clock
[    0.184031] smp: Brought up 1 node, 2 CPUs
[    0.186460] smpboot: Max logical packages: 1
[    0.188014] smpboot: Total of 2 processors activated (9600.00 BogoMIPS)
[    0.192259] devtmpfs: initialized
[    0.196064] x86/mm: Memory block size: 128MB
[    0.198328] evm: security.selinux
[    0.200010] evm: security.SMACK64
[    0.202397] evm: security.SMACK64EXEC
[    0.204011] evm: security.SMACK64TRANSMUTE
[    0.206193] evm: security.SMACK64MMAP
[    0.208006] evm: security.apparmor
[    0.209440] evm: security.ima
[    0.212006] evm: security.capability
[    0.213376] clocksource: jiffies: mask: 0xffffffff max_cycles: 0xffffffff, max_idle_ns: 7645041785100000 ns
[    0.216030] futex hash table entries: 512 (order: 3, 32768 bytes)
[    0.220043] pinctrl core: initialized pinctrl subsystem
[    0.228000] RTC time: 23:28:52, date: 10/29/21
[    0.228234] NET: Registered protocol family 16
[    0.232157] audit: initializing netlink subsys (disabled)
[    0.236241] audit: type=2000 audit(1635550143.380:1): state=initialized audit_enabled=0 res=1
[    0.240029] cpuidle: using governor ladder
[    0.242253] cpuidle: using governor menu
[    0.244094] ACPI: bus type PCI registered
[    0.248008] acpiphp: ACPI Hot Plug PCI Controller Driver version: 0.5
[    0.251323] PCI: Using configuration type 1 for base access
[    0.256699] HugeTLB registered 2.00 MiB page size, pre-allocated 0 pages
[    0.260102] ACPI: Added _OSI(Module Device)
[    0.261796] ACPI: Added _OSI(Processor Device)
[    0.263361] ACPI: Added _OSI(3.0 _SCP Extensions)
[    0.264035] ACPI: Added _OSI(Processor Aggregator Device)
[    0.265883] ACPI: Added _OSI(Linux-Dell-Video)
[    0.268071] ACPI: Added _OSI(Linux-Lenovo-NV-HDMI-Audio)
[    0.272009] ACPI: Added _OSI(Linux-HPI-Hybrid-Graphics)
[    0.275772] ACPI: Executed 1 blocks of module-level executable AML code
[    0.285512] ACPI: Interpreter enabled
[    0.287715] ACPI: (supports S0 S5)
[    0.288010] ACPI: Using IOAPIC for interrupt routing
[    0.292430] PCI: Using host bridge windows from ACPI; if necessary, use "pci=nocrs" and report a bug
[    0.296313] ACPI: Enabled 2 GPEs in block 00 to 07
[    0.311643] ACPI: PCI Root Bridge [PCI0] (domain 0000 [bus 00-ff])
[    0.312021] acpi PNP0A03:00: _OSC: OS supports [ASPM ClockPM Segments MSI]
[    0.317103] acpi PNP0A03:00: _OSC: not requesting OS control; OS requires [ExtendedConfig ASPM ClockPM MSI]
[    0.320039] acpi PNP0A03:00: fail to add MMCONFIG information, can't access extended PCI configuration space under this bridge.
[    0.324889] PCI host bridge to bus 0000:00
[    0.326371] pci_bus 0000:00: root bus resource [io  0x0000-0x0cf7 window]
[    0.328011] pci_bus 0000:00: root bus resource [io  0x0d00-0xffff window]
[    0.332012] pci_bus 0000:00: root bus resource [mem 0x000a0000-0x000bffff window]
[    0.336011] pci_bus 0000:00: root bus resource [mem 0x40000000-0xfdffffff window]
[    0.340016] pci_bus 0000:00: root bus resource [bus 00-ff]
[    0.347430] pci 0000:00:01.1: legacy IDE quirk: reg 0x10: [io  0x01f0-0x01f7]
[    0.348013] pci 0000:00:01.1: legacy IDE quirk: reg 0x14: [io  0x03f6]
[    0.350447] pci 0000:00:01.1: legacy IDE quirk: reg 0x18: [io  0x0170-0x0177]
[    0.352023] pci 0000:00:01.1: legacy IDE quirk: reg 0x1c: [io  0x0376]
[    0.383422] pci 0000:00:07.0: quirk: [io  0x4000-0x403f] claimed by PIIX4 ACPI
[    0.384046] pci 0000:00:07.0: quirk: [io  0x4100-0x410f] claimed by PIIX4 SMB
[    0.403614] ACPI: PCI Interrupt Link [LNKA] (IRQs 5 9 10 *11)
[    0.404603] ACPI: PCI Interrupt Link [LNKB] (IRQs 5 9 *10 11)
[    0.408300] ACPI: PCI Interrupt Link [LNKC] (IRQs 5 *9 10 11)
[    0.412206] ACPI: PCI Interrupt Link [LNKD] (IRQs 5 9 10 *11)
[    0.414728] SCSI subsystem initialized
[    0.416106] pci 0000:00:02.0: vgaarb: setting as boot VGA device
[    0.418107] pci 0000:00:02.0: vgaarb: VGA device added: decodes=io+mem,owns=io+mem,locks=none
[    0.420008] pci 0000:00:02.0: vgaarb: bridge control possible
[    0.421963] vgaarb: loaded
[    0.424050] ACPI: bus type USB registered
[    0.425227] usbcore: registered new interface driver usbfs
[    0.427124] usbcore: registered new interface driver hub
[    0.428025] usbcore: registered new device driver usb
[    0.432025] EDAC MC: Ver: 3.0.0
[    0.432447] PCI: Using ACPI for IRQ routing
[    0.436005] NetLabel: Initializing
[    0.436005] NetLabel:  domain hash size = 128
[    0.437366] NetLabel:  protocols = UNLABELED CIPSOv4 CALIPSO
[    0.439374] NetLabel:  unlabeled traffic allowed by default
[    0.440157] clocksource: Switched to clocksource kvm-clock
[    0.472385] VFS: Disk quotas dquot_6.6.0
[    0.474064] VFS: Dquot-cache hash table entries: 512 (order 0, 4096 bytes)
[    0.476650] AppArmor: AppArmor Filesystem Enabled
[    0.478441] pnp: PnP ACPI init
[    0.482492] pnp: PnP ACPI: found 3 devices
[    0.491369] clocksource: acpi_pm: mask: 0xffffff max_cycles: 0xffffff, max_idle_ns: 2085701024 ns
[    0.495231] NET: Registered protocol family 2
[    0.496675] IP idents hash table entries: 16384 (order: 5, 131072 bytes)
[    0.503046] TCP established hash table entries: 8192 (order: 4, 65536 bytes)
[    0.505628] TCP bind hash table entries: 8192 (order: 5, 131072 bytes)
[    0.507743] TCP: Hash tables configured (established 8192 bind 8192)
[    0.509812] UDP hash table entries: 512 (order: 2, 16384 bytes)
[    0.511725] UDP-Lite hash table entries: 512 (order: 2, 16384 bytes)
[    0.513885] NET: Registered protocol family 1
[    0.515316] pci 0000:00:00.0: Limiting direct PCI/PCI transfers
[    0.517051] pci 0000:00:01.0: Activating ISA DMA hang workarounds
[    0.518848] pci 0000:00:02.0: Video device with shadowed ROM at [mem 0x000c0000-0x000dffff]
[    0.522197] Unpacking initramfs...
[    0.996881] Freeing initrd memory: 19532K
[    0.999326] clocksource: tsc: mask: 0xffffffffffffffff max_cycles: 0x22983938a92, max_idle_ns: 440795216168 ns
[    1.003483] platform rtc_cmos: registered platform RTC device (no PNP device found)
[    1.005969] Scanning for low memory corruption every 60 seconds
[    1.008638] Initialise system trusted keyrings
[    1.010741] Key type blacklist registered
[    1.016396] workingset: timestamp_bits=36 max_order=18 bucket_order=0
[    1.021073] zbud: loaded
[    1.022873] squashfs: version 4.0 (2009/01/31) Phillip Lougher
[    1.025278] fuse init (API version 7.26)
[    1.028809] Key type asymmetric registered
[    1.030284] Asymmetric key parser 'x509' registered
[    1.035751] Block layer SCSI generic (bsg) driver version 0.4 loaded (major 246)
[    1.038590] io scheduler noop registered
[    1.040217] io scheduler deadline registered
[    1.042201] io scheduler cfq registered (default)
[    1.044669] ACPI: AC Adapter [AC] (on-line)
[    1.046543] input: Power Button as /devices/LNXSYSTM:00/LNXPWRBN:00/input/input0
[    1.049594] ACPI: Power Button [PWRF]
[    1.051103] input: Sleep Button as /devices/LNXSYSTM:00/LNXSLPBN:00/input/input1
[    1.054401] ACPI: Sleep Button [SLPF]
[    1.056794] Serial: 8250/16550 driver, 32 ports, IRQ sharing enabled
[    1.058352] ACPI: Battery Slot [BAT0] (battery present)
[    1.081478] 00:02: ttyS0 at I/O 0x3f8 (irq = 4, base_baud = 115200) is a 16550A
[    1.087039] Linux agpgart interface v0.103
[    1.090094] loop: module loaded
[    1.091862] scsi host0: ata_piix
[    1.093121] scsi host1: ata_piix
[    1.094190] ata1: PATA max UDMA/33 cmd 0x1f0 ctl 0x3f6 bmdma 0xd000 irq 14
[    1.096155] ata2: PATA max UDMA/33 cmd 0x170 ctl 0x376 bmdma 0xd008 irq 15
[    1.098935] libphy: Fixed MDIO Bus: probed
[    1.100127] tun: Universal TUN/TAP device driver, 1.6
[    1.101646] PPP generic driver version 2.4.2
[    1.102919] ehci_hcd: USB 2.0 'Enhanced' Host Controller (EHCI) Driver
[    1.116297] ehci-pci: EHCI PCI platform driver
[    1.118249] ehci-platform: EHCI generic platform driver
[    1.119940] ohci_hcd: USB 1.1 'Open' Host Controller (OHCI) Driver
[    1.122232] ohci-pci: OHCI PCI platform driver
[    1.123575] ohci-platform: OHCI generic platform driver
[    1.125333] uhci_hcd: USB Universal Host Controller Interface driver
[    1.127325] i8042: PNP: PS/2 Controller [PNP0303:PS2K,PNP0f03:PS2M] at 0x60,0x64 irq 1,12
[    1.130759] serio: i8042 KBD port at 0x60,0x64 irq 1
[    1.132300] serio: i8042 AUX port at 0x60,0x64 irq 12
[    1.133957] mousedev: PS/2 mouse device common for all mice
[    1.136349] input: AT Translated Set 2 keyboard as /devices/platform/i8042/serio0/input/input2
[    1.139751] rtc_cmos rtc_cmos: rtc core: registered rtc_cmos as rtc0
[    1.141720] rtc_cmos rtc_cmos: alarms up to one day, 114 bytes nvram
[    1.143796] i2c /dev entries driver
[    1.145023] device-mapper: uevent: version 1.0.3
[    1.146528] device-mapper: ioctl: 4.37.0-ioctl (2017-09-20) initialised: dm-devel@redhat.com
[    1.149672] ledtrig-cpu: registered to indicate activity on CPUs
[    1.151911] NET: Registered protocol family 10
[    1.159168] Segment Routing with IPv6
[    1.160495] NET: Registered protocol family 17
[    1.161961] Key type dns_resolver registered
[    1.163602] mce: Using 0 MCE banks
[    1.164734] RAS: Correctable Errors collector initialized.
[    1.166349] sched_clock: Marking stable (1164707768, 0)->(1540009727, -375301959)
[    1.169322] registered taskstats version 1
[    1.170816] Loading compiled-in X.509 certificates
[    1.176222] Loaded X.509 cert 'Build time autogenerated kernel key: 1542c441293f32312405dc023a70312e7f0d3f0a'
[    1.180759] Loaded X.509 cert 'Canonical Ltd. Live Patch Signing: 14df34d1a87cf37625abec039ef2bf521249b969'
[    1.184404] Loaded X.509 cert 'Canonical Ltd. Kernel Module Signing: 88f752e560a1e0737e31163a466ad7b70a850c19'
[    1.188598] zswap: loaded using pool lzo/zbud
[    1.195373] Key type big_key registered
[    1.197138] Key type trusted registered
[    1.201772] Key type encrypted registered
[    1.203479] AppArmor: AppArmor sha1 policy hashing enabled
[    1.205890] ima: No TPM chip found, activating TPM-bypass! (rc=-19)
[    1.208324] ima: Allocated hash algorithm: sha1
[    1.210601] evm: HMAC attrs: 0x1
[    1.212551]   Magic number: 9:572:505
[    1.215035] i8042 i8042: hash matches
[    1.216954] rtc_cmos rtc_cmos: setting system clock to 2021-10-29 23:28:53 UTC (1635550133)
[    1.219885] BIOS EDD facility v0.16 2004-Jun-25, 0 devices found
[    1.222092] EDD information not available.
[    1.297072] Freeing unused kernel image memory: 2448K
[    1.308558] Write protecting the kernel read-only data: 20480k
[    1.312703] Freeing unused kernel image memory: 2008K
[    1.315637] Freeing unused kernel image memory: 1824K
[    1.328825] x86/mm: Checked W+X mappings: passed, no W+X pages found.
[    1.330746] x86/mm: Checking user space page tables
[    1.343462] x86/mm: Checked W+X mappings: passed, no W+X pages found.
Loading, please wait...
starting version 237
[    1.459300] Fusion MPT base driver 3.04.20
[    1.460501] Copyright (c) 1999-2008 LSI Corporation
[    1.464537] e1000: Intel(R) PRO/1000 Network Driver - version 7.3.21-k8-NAPI
[    1.466912] e1000: Copyright (c) 1999-2006 Intel Corporation.
[    1.501391] AVX2 version of gcm_enc/dec engaged.
[    1.503780] AES CTR mode by8 optimization enabled
[    1.533742] Fusion MPT SPI Host driver 3.04.20
[    1.697566] input: ImExPS/2 Generic Explorer Mouse as /devices/platform/i8042/serio1/input/input4
[    2.048745] e1000 0000:00:03.0 eth0: (PCI:33MHz:32-bit) 02:46:cc:43:d1:b8
[    2.051429] e1000 0000:00:03.0 eth0: Intel(R) PRO/1000 Network Connection
[    3.020854] e1000 0000:00:08.0 eth1: (PCI:33MHz:32-bit) 08:00:27:08:9c:fb
[    3.023335] e1000 0000:00:08.0 eth1: Intel(R) PRO/1000 Network Connection
[    3.027690] e1000 0000:00:08.0 enp0s8: renamed from eth1
[    3.030168] mptbase: ioc0: Initiating bringup
[    3.044292] e1000 0000:00:03.0 enp0s3: renamed from eth0
[    3.124535] ioc0: LSI53C1030 A0: Capabilities={Initiator}
[    3.367734] scsi host2: ioc0: LSI53C1030 A0, FwRev=00000000h, Ports=1, MaxQ=256, IRQ=20
[    3.536891] scsi 2:0:0:0: Direct-Access     VBOX     HARDDISK         1.0  PQ: 0 ANSI: 5
[    3.580255] scsi target2:0:0: Beginning Domain Validation
[    3.584868] scsi target2:0:0: Domain Validation skipping write tests
[    3.587412] scsi target2:0:0: Ending Domain Validation
[    3.589793] scsi target2:0:0: asynchronous
[    3.592150] scsi 2:0:1:0: Direct-Access     VBOX     HARDDISK         1.0  PQ: 0 ANSI: 5
[    4.259125] scsi target2:0:1: Beginning Domain Validation
[    4.262498] random: fast init done
[    4.270731] scsi target2:0:1: Domain Validation skipping write tests
[    4.274135] scsi target2:0:1: Ending Domain Validation
[    4.276532] scsi target2:0:1: asynchronous
[    4.288095] sd 2:0:0:0: [sda] 83886080 512-byte logical blocks: (42.9 GB/40.0 GiB)
[    4.288150] random: systemd-udevd: uninitialized urandom read (16 bytes read)
[    4.294025] sd 2:0:0:0: [sda] Write Protect is off
[    4.297854] sd 2:0:0:0: Attached scsi generic sg0 type 0
[    4.302497] random: systemd-udevd: uninitialized urandom read (16 bytes read)
[    4.302598] sd 2:0:0:0: [sda] Incomplete mode parameter data
[    4.305603] random: systemd-udevd: uninitialized urandom read (16 bytes read)
[    4.306364] sd 2:0:1:0: Attached scsi generic sg1 type 0
[    4.308602] sd 2:0:0:0: [sda] Assuming drive cache: write through
[    4.317432] sd 2:0:1:0: [sdb] 20480 512-byte logical blocks: (10.5 MB/10.0 MiB)
[    4.320925] sd 2:0:1:0: [sdb] Write Protect is off
[    4.323439] sd 2:0:1:0: [sdb] Incomplete mode parameter data
[    4.325752] sd 2:0:1:0: [sdb] Assuming drive cache: write through
[    4.362635]  sda: sda1
[    4.366827] sd 2:0:0:0: [sda] Attached SCSI disk
[    4.423587] sd 2:0:1:0: [sdb] Attached SCSI disk
Begin: Loading essential drivers ... [    6.460068] raid6: sse2x1   gen()  6606 MB/s
[    6.508039] raid6: sse2x1   xor()  5192 MB/s
[    6.556119] raid6: sse2x2   gen()  8276 MB/s
[    6.604083] raid6: sse2x2   xor()  5179 MB/s
[    6.652066] raid6: sse2x4   gen()  9430 MB/s
[    6.700071] raid6: sse2x4   xor()  6788 MB/s
[    6.752029] raid6: avx2x1   gen() 17170 MB/s
[    6.800079] raid6: avx2x1   xor() 11987 MB/s
[    6.848112] raid6: avx2x2   gen() 21012 MB/s
[    6.896159] raid6: avx2x2   xor() 12908 MB/s
[    6.944066] raid6: avx2x4   gen() 22100 MB/s
[    6.992068] raid6: avx2x4   xor() 13048 MB/s
[    6.993448] raid6: using algorithm avx2x4 gen() 22100 MB/s
[    6.995354] raid6: .... xor() 13048 MB/s, rmw enabled
[    6.997173] raid6: using avx2x2 recovery algorithm
[    7.003166] xor: automatically using best checksumming function   avx       
[    7.007788] async_tx: api initialized (async)
done.
Begin: Running /scripts/init-premount ... done.
Begin: Mounting root file system ... Begin: Running /scripts/local-top ... done.
Begin: Running /scripts/local-premount ... [    7.082470] Btrfs loaded, crc32c=crc32c-intel
Scanning for Btrfs filesystems
done.
Warning: fsck not present, so skipping root file system
[    7.554662] EXT4-fs (sda1): mounted filesystem with ordered data mode. Opts: (null)
done.
Begin: Running /scripts/local-bottom ... done.
Begin: Running /scripts/init-bottom ... done.
[    8.623482] random: crng init done
[    8.624905] random: 7 urandom warning(s) missed due to ratelimiting
[   10.155580] ip_tables: (C) 2000-2006 Netfilter Core Team
[   10.341278] systemd[1]: systemd 237 running in system mode. (+PAM +AUDIT +SELINUX +IMA +APPARMOR +SMACK +SYSVINIT +UTMP +LIBCRYPTSETUP +GCRYPT +GNUTLS +ACL +XZ +LZ4 +SECCOMP +BLKID +ELFUTILS +KMOD -IDN2 +IDN -PCRE2 default-hierarchy=hybrid)
[   10.348586] systemd[1]: Detected virtualization oracle.
[   10.350185] systemd[1]: Detected architecture x86-64.

Welcome to [1mUbuntu 18.04.6 LTS[0m!

[   10.469100] systemd[1]: Set hostname to <servers2>.
[   16.713714] systemd[1]: Reached target User and Group Name Lookups.
[[0;32m  OK  [0m] Reached target User and Group Name Lookups.
[   16.717067] systemd[1]: Reached target System Time Synchronized.
[[0;32m  OK  [0m] Reached target System Time Synchronized.
[   16.727460] systemd[1]: Created slice User and Session Slice.
[[0;32m  OK  [0m] Created slice User and Session Slice.
[   16.731532] systemd[1]: Set up automount Arbitrary Executable File Formats File System Automount Point.
[[0;32m  OK  [0m] Set up automount Arbitrary Executab…rmats File System Automount Point.
[   16.815826] systemd[1]: Created slice System Slice.
[[0;32m  OK  [0m] Created slice System Slice.
[   16.827156] systemd[1]: Listening on Syslog Socket.
[[0;32m  OK  [0m] Listening on Syslog Socket.
[   17.012646] systemd[1]: Listening on LVM2 poll daemon socket.
[[0;32m  OK  [0m] Listening on LVM2 poll daemon socket.
[   17.016425] systemd[1]: Listening on Journal Socket (/dev/log).
[[0;32m  OK  [0m] Listening on Journal Socket (/dev/log).
[   17.020238] systemd[1]: Listening on Journal Socket.
[[0;32m  OK  [0m] Listening on Journal Socket.
[   17.024464] systemd[1]: Mounting POSIX Message Queue File System...
         Mounting POSIX Message Queue File System...
         Mounting Kernel Debug File System...
[[0;32m  OK  [0m] Reached target Slices.
[[0;32m  OK  [0m] Listening on /dev/initctl Compatibility Named Pipe.
         Starting Create list of required st…ce nodes for the current kernel...
[[0;32m  OK  [0m] Listening on udev Kernel Socket.
         Starting Set the console keyboard layout...
[[0;32m  OK  [0m] Created slice system-serial\x2dgetty.slice.
[[0;32m  OK  [0m] Listening on udev Control Socket.
         Starting udev Coldplug all Devices...
[[0;32m  OK  [0m] Listening on Network Service Netlink Socket.
[[0;32m  OK  [0m] Listening on fsck to fsckd communication Socket.
         Starting File System Check on Root Device...
[[0;32m  OK  [0m] Started Forward Password Requests to Wall Directory Watch.
         Starting Uncomplicated firewall...
[[0;32m  OK  [0m] Listening on LVM2 metadata daemon socket.
         Starting Load Kernel Modules...
[[0;32m  OK  [0m] Reached target Swap.
[[0;32m  OK  [0m] Listening on Journal Audit Socket.
         Starting Journal Service...
[[0;32m  OK  [0m] Listening on Device-mapper event daemon FIFOs.
         Starting Monitoring of LVM2 mirrors…ng dmeventd or progress polling...
         Mounting Huge Pages File System...
[[0;32m  OK  [0m] Mounted POSIX Message Queue File System.
[[0;32m  OK  [0m] Mounted Kernel Debug File System.
[[0;32m  OK  [0m] Mounted Huge Pages File System.
[[0;32m  OK  [0m] Started File System Check Daemon to report status.
[[0;32m  OK  [0m] Started Uncomplicated firewall.
[[0;32m  OK  [0m] Started udev Coldplug all Devices.
[[0;32m  OK  [0m] Started Create list of required sta…vice nodes for the current kernel.
         Starting Create Static Device Nodes in /dev...
[[0;32m  OK  [0m] Started Journal Service.
[   18.261098] Loading iSCSI transport class v2.0-870.
[[0;32m  OK  [0m] Started File System Check on Root Device.
         Starting Remount Root and Kernel File Systems...
[[0;32m  OK  [0m] Started Set the console keyboard layout.
[   18.989507] iscsi: registered transport (tcp)
[   19.446129] EXT4-fs (sda1): re-mounted. Opts: (null)
[[0;32m  OK  [0m] Started Remount Root and Kernel File Systems.
         Starting Load/Save Random Seed...
         Starting Flush Journal to Persistent Storage...
[[0;32m  OK  [0m] Started Load/Save Random Seed.
[[0;32m  OK  [0m] Started Create Static Device Nodes in /dev.
         Starting udev Kernel Device Manager...
[   19.938400] systemd-journald[406]: Received request to flush runtime journal from PID 1
[   20.074580] iscsi: registered transport (iser)
[[0;32m  OK  [0m] Started Load Kernel Modules.
         Mounting FUSE Control File System...
         Mounting Kernel Configuration File System...
         Starting Apply Kernel Variables...
[[0;32m  OK  [0m] Mounted FUSE Control File System.
[[0;32m  OK  [0m] Mounted Kernel Configuration File System.
[[0;32m  OK  [0m] Started LVM2 metadata daemon.
[[0;32m  OK  [0m] Started Apply Kernel Variables.
[[0;32m  OK  [0m] Started Monitoring of LVM2 mirrors,…sing dmeventd or progress polling.
[[0;32m  OK  [0m] Reached target Local File Systems (Pre).
         Mounting Mount unit for snapd, revision 13640...
         Mounting Mount unit for core20, revision 1169...
         Mounting Mount unit for lxd, revision 21780...
[[0;32m  OK  [0m] Reached target Local File Systems.
         Starting Set console font and keymap...
         Starting ebtables ruleset management...
         Starting AppArmor initialization...
         Starting Tell Plymouth To Write Out Runtime Data...
[[0;32m  OK  [0m] Started Set console font and keymap.
[[0;32m  OK  [0m] Started Tell Plymouth To Write Out Runtime Data.
[[0;32m  OK  [0m] Mounted Mount unit for snapd, revision 13640.
[[0;32m  OK  [0m] Mounted Mount unit for core20, revision 1169.
[[0;32m  OK  [0m] Mounted Mount unit for lxd, revision 21780.
[[0;32m  OK  [0m] Started udev Kernel Device Manager.
[[0;32m  OK  [0m] Started Dispatch Password Requests to Console Directory Watch.
[[0;32m  OK  [0m] Reached target Local Encrypted Volumes.
[[0;32m  OK  [0m] Started Flush Journal to Persistent Storage.
         Starting Create Volatile Files and Directories...
[[0;32m  OK  [0m] Started ebtables ruleset management.
[[0;32m  OK  [0m] Found device /dev/ttyS0.
[[0;32m  OK  [0m] Listening on Load/Save RF Kill Switch Status /dev/rfkill Watch.
[[0;32m  OK  [0m] Started Create Volatile Files and Directories.
         Starting Update UTMP about System Boot/Shutdown...
[[0;32m  OK  [0m] Started Update UTMP about System Boot/Shutdown.
[[0;32m  OK  [0m] Started AppArmor initialization.
         Starting Load AppArmor profiles managed internally by snapd...
         Starting Initial cloud-init job (pre-networking)...
[[0;32m  OK  [0m] Started Load AppArmor profiles managed internally by snapd.
[   64.075382] cloud-init[611]: Cloud-init v. 21.3-1-g6803368d-0ubuntu1~18.04.4 running 'init-local' at Fri, 29 Oct 2021 23:29:55 +0000. Up 62.75 seconds.
[[0;32m  OK  [0m] Started Initial cloud-init job (pre-networking).
[[0;32m  OK  [0m] Reached target Network (Pre).
         Starting Network Service...
[[0;32m  OK  [0m] Started Network Service.
         Starting Wait for Network to be Configured...
         Starting Network Name Resolution...
[[0;32m  OK  [0m] Started Network Name Resolution.
[[0;32m  OK  [0m] Reached target Network.
[[0;32m  OK  [0m] Reached target Host and Network Name Lookups.
[[0;32m  OK  [0m] Started Wait for Network to be Configured.
         Starting Initial cloud-init job (metadata service crawler)...
[   68.299091] cloud-init[764]: Cloud-init v. 21.3-1-g6803368d-0ubuntu1~18.04.4 running 'init' at Fri, 29 Oct 2021 23:29:59 +0000. Up 67.69 seconds.
[   68.309291] cloud-init[764]: ci-info: ++++++++++++++++++++++++++++++++++++++Net device info+++++++++++++++++++++++++++++++++++++++
[   68.313387] cloud-init[764]: ci-info: +--------+------+-----------------------------+---------------+--------+-------------------+
[   68.318359] cloud-init[764]: ci-info: | Device |  Up  |           Address           |      Mask     | Scope  |     Hw-Address    |
[   68.332567] cloud-init[764]: ci-info: +--------+------+-----------------------------+---------------+--------+-------------------+
[   68.335777] cloud-init[764]: ci-info: | enp0s3 | True |          10.0.2.15          | 255.255.255.0 | global | 02:46:cc:43:d1:b8 |
[   68.339584] cloud-init[764]: ci-info: | enp0s3 | True |  fe80::46:ccff:fe43:d1b8/64 |       .       |  link  | 02:46:cc:43:d1:b8 |
[   68.356951] cloud-init[764]: ci-info: | enp0s8 | True |        192.168.100.9        | 255.255.255.0 | global | 08:00:27:08:9c:fb |
[   68.376490] cloud-init[764]: ci-info: | enp0s8 | True | fe80::a00:27ff:fe08:9cfb/64 |       .       |  link  | 08:00:27:08:9c:fb |
[   68.380996] cloud-init[764]: ci-info: |   lo   | True |          127.0.0.1          |   255.0.0.0   |  host  |         .         |
[   68.396610] cloud-init[764]: ci-info: |   lo   | True |           ::1/128           |       .       |  host  |         .         |
[   68.413502] cloud-init[764]: ci-info: +--------+------+-----------------------------+---------------+--------+-------------------+
[   68.424173] cloud-init[764]: ci-info: +++++++++++++++++++++++++++++Route IPv4 info++++++++++++++++++++++++++++++
[   68.427334] cloud-init[764]: ci-info: +-------+---------------+----------+-----------------+-----------+-------+
[   68.431690] cloud-init[764]: ci-info: | Route |  Destination  | Gateway  |     Genmask     | Interface | Flags |
[   68.435481] cloud-init[764]: ci-info: +-------+---------------+----------+-----------------+-----------+-------+
[   68.437822] cloud-init[764]: ci-info: |   0   |    0.0.0.0    | 10.0.2.2 |     0.0.0.0     |   enp0s3  |   UG  |
[   68.440945] cloud-init[764]: ci-info: |   1   |    10.0.2.0   | 0.0.0.0  |  255.255.255.0  |   enp0s3  |   U   |
[   68.445185] cloud-init[764]: ci-info: |   2   |    10.0.2.2   | 0.0.0.0  | 255.255.255.255 |   enp0s3  |   UH  |
[   68.449017] cloud-init[764]: ci-info: |   3   | 192.168.100.0 | 0.0.0.0  |  255.255.255.0  |   enp0s8  |   U   |
[   68.452939] cloud-init[764]: ci-info: +-------+---------------+----------+-----------------+-----------+-------+
[   68.456932] cloud-init[764]: ci-info: +++++++++++++++++++Route IPv6 info+++++++++++++++++++
[   68.459840] cloud-init[764]: ci-info: +-------+-------------+---------+-----------+-------+
[   68.464161] cloud-init[764]: ci-info: | Route | Destination | Gateway | Interface | Flags |
[   68.467410] cloud-init[764]: ci-info: +-------+-------------+---------+-----------+-------+
[   68.469928] cloud-init[764]: ci-info: |   1   |  fe80::/64  |    ::   |   enp0s8  |   U   |
[   68.484434] cloud-init[764]: ci-info: |   2   |  fe80::/64  |    ::   |   enp0s3  |   U   |
[   68.487893] cloud-init[764]: ci-info: |   4   |    local    |    ::   |   enp0s3  |   U   |
[   68.490706] cloud-init[764]: ci-info: |   5   |    local    |    ::   |   enp0s8  |   U   |
[   68.493376] cloud-init[764]: ci-info: |   6   |   ff00::/8  |    ::   |   enp0s8  |   U   |
[   68.495697] cloud-init[764]: ci-info: |   7   |   ff00::/8  |    ::   |   enp0s3  |   U   |
[   68.497928] cloud-init[764]: ci-info: +-------+-------------+---------+-----------+-------+
[[0;32m  OK  [0m] Started Initial cloud-init job (metadata service crawler).
[[0;32m  OK  [0m] Reached target Cloud-config availability.
[[0;32m  OK  [0m] Reached target Network is Online.
         Starting Availability of block devices...
[[0;32m  OK  [0m] Reached target Remote File Systems (Pre).
         Mounting /vagrant...
[[0;32m  OK  [0m] Reached target System Initialization.
[[0;32m  OK  [0m] Listening on ACPID Listen Socket.
[[0;32m  OK  [0m] Listening on D-Bus System Message Bus Socket.
[[0;32m  OK  [0m] Listening on cloud-init hotplug hook socket.
         Starting LXD - unix socket.
[[0;32m  OK  [0m] Listening on Socket unix for snap application lxd.daemon.
[[0;32m  OK  [0m] Started Daily Cleanup of Temporary Directories.
[[0;32m  OK  [0m] Started Daily apt download activities.
[[0;32m  OK  [0m] Started Ubuntu Advantage update messaging.
[[0;32m  OK  [0m] Started Daily apt upgrade and clean activities.
[[0;32m  OK  [0m] Listening on UUID daemon activation socket.
[[0;32m  OK  [0m] Started Discard unused blocks once a week.
[[0;32m  OK  [0m] Started Message of the Day.
[[0;32m  OK  [0m] Reached target Timers.
[[0;32m  OK  [0m] Listening on Open-iSCSI iscsid Socket.
         Starting Socket activation for snappy daemon.
[[0;32m  OK  [0m] Started ACPI Events Check.
[[0;32m  OK  [0m] Reached target Paths.
[[0;32m  OK  [0m] Started Availability of block devices.
[[0;32m  OK  [0m] Mounted /vagrant.
[[0;32m  OK  [0m] Listening on LXD - unix socket.
[[0;32m  OK  [0m] Listening on Socket activation for snappy daemon.
[[0;32m  OK  [0m] Reached target Sockets.
[[0;32m  OK  [0m] Reached target Basic System.
         Starting Dispatcher daemon for systemd-networkd...
         Starting Login Service...
         Starting Service for snap application lxd.activate...
[[0;32m  OK  [0m] Started Regular background program processing daemon.
[[0;32m  OK  [0m] Started FUSE filesystem for LXC.
         Starting Virtualbox guest utils...
         Starting LSB: Record successful boot for GRUB...
[[0;32m  OK  [0m] Started Deferred execution scheduler.
         Starting Snap Daemon...
         Starting Message of the Day...
[[0;32m  OK  [0m] Started D-Bus System Message Bus.
[[0;32m  OK  [0m] Started Login Service.
[[0;32m  OK  [0m] Started Unattended Upgrades Shutdown.
[[0;32m  OK  [0m] Started irqbalance daemon.
         Starting OpenBSD Secure Shell server...
         Starting System Logging Service...
         Starting Accounts Service...
         Starting LXD - container startup/shutdown...
[[0;32m  OK  [0m] Reached target Remote File Systems.
         Starting Permit User Sessions...
         Starting LSB: automatic crash report generation...
[[0;32m  OK  [0m] Started Permit User Sessions.
         Starting Hold until boot process finishes up...
         Starting Terminate Plymouth Boot Screen...
[[0;32m  OK  [0m] Started Hold until boot process finishes up.
         Starting Set console scheme...
[[0;32m  OK  [0m] Started Serial Getty on ttyS0.
[[0;32m  OK  [0m] Started Terminate Plymouth Boot Screen.
[[0;32m  OK  [0m] Started Set console scheme.
[[0;32m  OK  [0m] Created slice system-getty.slice.
[[0;32m  OK  [0m] Started Getty on tty1.
[[0;32m  OK  [0m] Reached target Login Prompts.
[[0;32m  OK  [0m] Started LSB: automatic crash report generation.
[[0;32m  OK  [0m] Started LSB: Record successful boot for GRUB.
[[0;32m  OK  [0m] Started Virtualbox guest utils.
[[0;32m  OK  [0m] Started System Logging Service.
[[0;32m  OK  [0m] Started Dispatcher daemon for systemd-networkd.

Ubuntu 18.04.6 LTS servers2 ttyS0

servers2 login: [  100.931590] cloud-init[1560]: Cloud-init v. 21.3-1-g6803368d-0ubuntu1~18.04.4 running 'modules:config' at Fri, 29 Oct 2021 23:30:30 +0000. Up 98.69 seconds.
[  114.220396] cloud-init[2333]: Cloud-init v. 21.3-1-g6803368d-0ubuntu1~18.04.4 running 'modules:final' at Fri, 29 Oct 2021 23:30:45 +0000. Up 113.69 seconds.
[  114.223957] cloud-in         Stopping LSB: automatic crash report generation...
[[0;32m  OK  [0m] Stopped LSB: automatic crash report generation.
         Starting LSB: automatic crash report generation...
[[0;32m  OK  [0m] Started LSB: automatic crash report generation.
[[0;32m  OK  [0m] Started Daily apt upgrade and clean activities.
                                                                                                                                                                                                                                                                                                                                                                                                                                                                                                                                                                                                                                                                                                                                                                                                                                                                                                                                                                                                                                                                                               [[0;32m  OK  [0m] Started Daily apt download activities.
